{"level":"debug","message":"Marketplace service started","module":"marketplace","timestamp":"2024-04-17T21:19:02.660Z"}
{"level":"debug","message":"Call service started","module":"calls","timestamp":"2024-04-17T21:19:02.662Z"}
{"level":"debug","message":"Player Service started","module":"player","timestamp":"2024-04-17T21:19:02.663Z"}
{"level":"info","message":"Loading QBX bridge....","timestamp":"2024-04-17T21:19:02.663Z"}
{"level":"info","message":"QBX bridge initialized","timestamp":"2024-04-17T21:19:02.663Z"}
{"level":"debug","message":"Boot service started","module":"boot","timestamp":"2024-04-17T21:19:02.663Z"}
{"level":"debug","message":"Messages service started","module":"messages","timestamp":"2024-04-17T21:19:02.664Z"}
{"level":"debug","message":"Notes service started","module":"notes","timestamp":"2024-04-17T21:19:02.664Z"}
{"level":"debug","message":"Contacts service started","module":"contact","timestamp":"2024-04-17T21:19:02.664Z"}
{"level":"debug","message":"Photo service started","module":"photo","timestamp":"2024-04-17T21:19:02.677Z"}
{"level":"debug","message":"Twitter service started","module":"twitter","timestamp":"2024-04-17T21:19:02.677Z"}
{"level":"debug","message":"Match service started","module":"match","timestamp":"2024-04-17T21:19:02.678Z"}
{"level":"debug","message":"Beginning database schema validation","module":"boot","timestamp":"2024-04-17T21:19:03.943Z"}
{"level":"info","message":"Successfully started","timestamp":"2024-04-17T21:19:03.953Z"}
{"level":"info","message":"Executed query (SELECT COUNT(*) as count\n                       FROM information_schema.tables\n                       WHERE table_schema = ?\n                         AND table_name = ? [\"Qbox\",\"players\"]) in 294.7421ms'","module":"DBInterface","timestamp":"2024-04-17T21:19:04.238Z"}
{"level":"info","message":"Executed query (SHOW COLUMNS IN players []) in 145.9829ms'","module":"DBInterface","timestamp":"2024-04-17T21:19:04.384Z"}
{"level":"debug","message":"Database schema successfully validated","module":"boot","timestamp":"2024-04-17T21:19:04.384Z"}
{"level":"debug","message":"Marketplace service started","module":"marketplace","timestamp":"2024-04-17T21:26:01.650Z"}
{"level":"debug","message":"Call service started","module":"calls","timestamp":"2024-04-17T21:26:01.652Z"}
{"level":"debug","message":"Player Service started","module":"player","timestamp":"2024-04-17T21:26:01.652Z"}
{"level":"info","message":"Loading QBX bridge....","timestamp":"2024-04-17T21:26:01.653Z"}
{"level":"info","message":"QBX bridge initialized","timestamp":"2024-04-17T21:26:01.653Z"}
{"level":"debug","message":"Boot service started","module":"boot","timestamp":"2024-04-17T21:26:01.653Z"}
{"level":"debug","message":"Messages service started","module":"messages","timestamp":"2024-04-17T21:26:01.653Z"}
{"level":"debug","message":"Notes service started","module":"notes","timestamp":"2024-04-17T21:26:01.654Z"}
{"level":"debug","message":"Contacts service started","module":"contact","timestamp":"2024-04-17T21:26:01.654Z"}
{"level":"debug","message":"Photo service started","module":"photo","timestamp":"2024-04-17T21:26:01.665Z"}
{"level":"debug","message":"Twitter service started","module":"twitter","timestamp":"2024-04-17T21:26:01.666Z"}
{"level":"debug","message":"Match service started","module":"match","timestamp":"2024-04-17T21:26:01.666Z"}
{"level":"debug","message":"Beginning database schema validation","module":"boot","timestamp":"2024-04-17T21:26:02.601Z"}
{"level":"info","message":"Successfully started","timestamp":"2024-04-17T21:26:02.609Z"}
{"level":"info","message":"Executed query (SELECT COUNT(*) as count\n                       FROM information_schema.tables\n                       WHERE table_schema = ?\n                         AND table_name = ? [\"Qbox\",\"players\"]) in 109.6527ms'","module":"DBInterface","timestamp":"2024-04-17T21:26:02.711Z"}
{"level":"info","message":"Executed query (SHOW COLUMNS IN players []) in 50.9252ms'","module":"DBInterface","timestamp":"2024-04-17T21:26:02.763Z"}
{"level":"debug","message":"Database schema successfully validated","module":"boot","timestamp":"2024-04-17T21:26:02.763Z"}
{"level":"info","message":"New NPWD Player added through event (1) (HOWZ6711)","module":"player","timestamp":"2024-04-17T21:30:31.891Z"}
{"level":"debug","message":{"_firstname":"Dev","_identifier":"HOWZ6711","_lastname":"Giovanni","_phoneNumber":"6265737748","source":1,"username":"Giovanni"},"module":"player","timestamp":"2024-04-17T21:30:31.891Z"}
{"level":"info","message":"New NPWD Player added through event (1) (HOWZ6711)","module":"player","timestamp":"2024-04-17T21:30:31.901Z"}
{"level":"debug","message":{"_firstname":"Dev","_identifier":"HOWZ6711","_lastname":"Giovanni","_phoneNumber":"6265737748","source":1,"username":"Giovanni"},"module":"player","timestamp":"2024-04-17T21:30:31.901Z"}
{"level":"silly","message":"netPromise > npwd:fetchTweets > RequestObj","module":"events","timestamp":"2024-04-17T21:30:32.013Z"}
{"level":"silly","message":{"data":{"pageId":0},"source":1},"module":"events","timestamp":"2024-04-17T21:30:32.013Z"}
{"level":"info","message":"Executed query (\n        SELECT *\n        FROM npwd_twitter_profiles\n        WHERE identifier = ?\n        LIMIT 1\n\t\t [\"HOWZ6711\"]) in 22.2068ms'","module":"DBInterface","timestamp":"2024-04-17T21:30:32.036Z"}
{"level":"warn","message":"Aborted fetching tweets for user HOWZ6711 because they do not have a profile.","module":"twitter","timestamp":"2024-04-17T21:30:32.036Z"}
{"level":"silly","message":"Response Promise Event npwd:fetchTweets:597967d4-a790-42a8-bcbb-29aa3597e49b (23.3671ms), Data >>","module":"events","timestamp":"2024-04-17T21:30:32.036Z"}
{"level":"silly","message":{"data":[],"status":"ok"},"module":"events","timestamp":"2024-04-17T21:30:32.036Z"}
{"level":"silly","message":"netPromise > npwd:getOrCreateTwitterProfile > RequestObj","module":"events","timestamp":"2024-04-17T21:30:32.198Z"}
{"level":"silly","message":{"data":null,"source":1},"module":"events","timestamp":"2024-04-17T21:30:32.198Z"}
{"level":"silly","message":"netPromise > phone:getMyProfile > RequestObj","module":"events","timestamp":"2024-04-17T21:30:32.200Z"}
{"level":"silly","message":{"data":null,"source":1},"module":"events","timestamp":"2024-04-17T21:30:32.200Z"}
{"level":"silly","message":"netPromise > npwd:fetchMessageGroups > RequestObj","module":"events","timestamp":"2024-04-17T21:30:32.201Z"}
{"level":"silly","message":{"data":null,"source":1},"module":"events","timestamp":"2024-04-17T21:30:32.201Z"}
{"level":"silly","message":"netPromise > npwd-contact-getAll > RequestObj","module":"events","timestamp":"2024-04-17T21:30:32.202Z"}
{"level":"silly","message":{"data":null,"source":1},"module":"events","timestamp":"2024-04-17T21:30:32.202Z"}
{"level":"info","message":"Executed query (\n        SELECT *\n        FROM npwd_twitter_profiles\n        WHERE identifier = ?\n        LIMIT 1\n\t\t [\"HOWZ6711\"]) in 10.4258ms'","module":"DBInterface","timestamp":"2024-04-17T21:30:32.210Z"}
{"level":"info","message":"Creating default Twitter profile Dev_Giovanni for HOWZ6711","module":"twitter","timestamp":"2024-04-17T21:30:32.210Z"}
{"level":"info","message":"Executed query (\n        SELECT *,\n               UNIX_TIMESTAMP(updatedAt) AS lastActive\n        FROM npwd_match_profiles\n        WHERE identifier = ?\n        LIMIT 1\n\t\t [\"HOWZ6711\"]) in 17.2524ms'","module":"DBInterface","timestamp":"2024-04-17T21:30:32.217Z"}
{"level":"info","message":"Creating default match profile Dev Giovanni for HOWZ6711","module":"match","timestamp":"2024-04-17T21:30:32.217Z"}
{"level":"info","message":"Executed query (\n        SELECT *\n        FROM npwd_twitter_profiles\n        WHERE identifier = ?\n        LIMIT 1\n\t\t [\"HOWZ6711\"]) in 2.4292ms'","module":"DBInterface","timestamp":"2024-04-17T21:30:32.219Z"}
{"level":"silly","message":"Response Promise Event npwd:getOrCreateTwitterProfile:cc4c7de8-6a27-42bd-b1fe-7782642a3b72 (20.6111ms), Data >>","module":"events","timestamp":"2024-04-17T21:30:32.219Z"}
{"level":"silly","message":{"data":{"avatar_url":"https://i.fivemanage.com/images/3ClWwmpwkFhL.png","createdAt":"2024-04-17T21:30:32.000Z","id":1,"identifier":"HOWZ6711","profile_name":"Dev_Giovanni","updatedAt":"2024-04-17T21:30:32.000Z"},"status":"ok"},"module":"events","timestamp":"2024-04-17T21:30:32.219Z"}
{"level":"info","message":"Executed query (SELECT * FROM npwd_phone_contacts WHERE identifier = ? ORDER BY display ASC [\"HOWZ6711\"]) in 18.5539ms'","module":"DBInterface","timestamp":"2024-04-17T21:30:32.221Z"}
{"level":"silly","message":"Response Promise Event npwd-contact-getAll:4643165f-f3f4-4299-89bc-6acfb09a1a82 (19.058ms), Data >>","module":"events","timestamp":"2024-04-17T21:30:32.221Z"}
{"level":"info","message":"Executed query (SELECT npwd_messages_conversations.id,\n                          npwd_messages_conversations.conversation_list         as conversationList,\n                          npwd_messages_participants.unread_count               as unreadCount,\n                          npwd_messages_conversations.is_group_chat             as isGroupChat,\n                          npwd_messages_conversations.label,\n                          UNIX_TIMESTAMP(npwd_messages_conversations.updatedAt) as updatedAt,\n                          npwd_messages_participants.participant\n                   FROM npwd_messages_conversations\n                            INNER JOIN npwd_messages_participants\n                                       on npwd_messages_conversations.id = npwd_messages_participants.conversation_id\n                   WHERE npwd_messages_participants.participant = ? [\"6265737748\"]) in 20.3366ms'","module":"DBInterface","timestamp":"2024-04-17T21:30:32.222Z"}
{"level":"silly","message":{"data":[],"status":"ok"},"module":"events","timestamp":"2024-04-17T21:30:32.221Z"}
{"level":"silly","message":"Response Promise Event npwd:fetchMessageGroups:bd0a5f5b-f7b8-47f1-a47c-f817b950f1f8 (20.8449ms), Data >>","module":"events","timestamp":"2024-04-17T21:30:32.222Z"}
{"level":"silly","message":{"data":[],"status":"ok"},"module":"events","timestamp":"2024-04-17T21:30:32.222Z"}
{"level":"info","message":"Executed query (\n        SELECT *,\n               UNIX_TIMESTAMP(updatedAt) AS lastActive\n        FROM npwd_match_profiles\n        WHERE identifier = ?\n        LIMIT 1\n\t\t [\"HOWZ6711\"]) in 1.0621ms'","module":"DBInterface","timestamp":"2024-04-17T21:30:32.227Z"}
{"level":"silly","message":"Response Promise Event phone:getMyProfile:8240f576-82d7-4331-a92d-accdbbec8696 (28.1696ms), Data >>","module":"events","timestamp":"2024-04-17T21:30:32.228Z"}
{"level":"silly","message":{"data":{"bio":"","createdAt":"2024-04-17T21:30:32.000Z","id":1,"identifier":"HOWZ6711","image":"https://upload.wikimedia.org/wikipedia/commons/a/ac/No_image_available.svg","job":"","lastActive":1713389432,"lastActiveFormatted":"Wed, 17 Apr 2024 21:30:32 GMT","location":"","name":"Dev Giovanni","tagList":[],"tags":"","updatedAt":"2024-04-17T21:30:32.000Z","viewed":false,"voiceMessage":null},"status":"ok"},"module":"events","timestamp":"2024-04-17T21:30:32.228Z"}
{"level":"info","message":"Executed query (SELECT id FROM npwd_marketplace_listings WHERE identifier = ? [\"HOWZ6711\"]) in 10.3295ms'","module":"DBInterface","timestamp":"2024-04-17T21:52:49.593Z"}
{"level":"info","message":"Executed query (DELETE FROM npwd_marketplace_listings WHERE identifier = ? AND reported = 0 [\"HOWZ6711\"]) in 2.6141ms'","module":"DBInterface","timestamp":"2024-04-17T21:52:49.596Z"}
{"level":"info","message":"Unloaded NPWD Player, source: (1)","module":"player","timestamp":"2024-04-17T21:52:49.597Z"}
{"level":"debug","message":"Marketplace service started","module":"marketplace","timestamp":"2024-04-17T22:13:11.456Z"}
{"level":"debug","message":"Call service started","module":"calls","timestamp":"2024-04-17T22:13:11.458Z"}
{"level":"debug","message":"Player Service started","module":"player","timestamp":"2024-04-17T22:13:11.458Z"}
{"level":"info","message":"Loading QBX bridge....","timestamp":"2024-04-17T22:13:11.458Z"}
{"level":"info","message":"QBX bridge initialized","timestamp":"2024-04-17T22:13:11.458Z"}
{"level":"debug","message":"Boot service started","module":"boot","timestamp":"2024-04-17T22:13:11.459Z"}
{"level":"debug","message":"Messages service started","module":"messages","timestamp":"2024-04-17T22:13:11.459Z"}
{"level":"debug","message":"Notes service started","module":"notes","timestamp":"2024-04-17T22:13:11.459Z"}
{"level":"debug","message":"Contacts service started","module":"contact","timestamp":"2024-04-17T22:13:11.459Z"}
{"level":"debug","message":"Photo service started","module":"photo","timestamp":"2024-04-17T22:13:11.470Z"}
{"level":"debug","message":"Twitter service started","module":"twitter","timestamp":"2024-04-17T22:13:11.471Z"}
{"level":"debug","message":"Match service started","module":"match","timestamp":"2024-04-17T22:13:11.471Z"}
{"level":"debug","message":"Beginning database schema validation","module":"boot","timestamp":"2024-04-17T22:13:12.365Z"}
{"level":"info","message":"Successfully started","timestamp":"2024-04-17T22:13:12.373Z"}
{"level":"info","message":"Executed query (SELECT COUNT(*) as count\n                       FROM information_schema.tables\n                       WHERE table_schema = ?\n                         AND table_name = ? [\"Qbox\",\"players\"]) in 110.6448ms'","module":"DBInterface","timestamp":"2024-04-17T22:13:12.477Z"}
{"level":"info","message":"Executed query (SHOW COLUMNS IN players []) in 15.2049ms'","module":"DBInterface","timestamp":"2024-04-17T22:13:12.492Z"}
{"level":"debug","message":"Database schema successfully validated","module":"boot","timestamp":"2024-04-17T22:13:12.492Z"}
{"level":"debug","message":"Marketplace service started","module":"marketplace","timestamp":"2024-04-17T22:19:03.465Z"}
{"level":"debug","message":"Call service started","module":"calls","timestamp":"2024-04-17T22:19:03.466Z"}
{"level":"debug","message":"Player Service started","module":"player","timestamp":"2024-04-17T22:19:03.466Z"}
{"level":"info","message":"Loading QBX bridge....","timestamp":"2024-04-17T22:19:03.467Z"}
{"level":"info","message":"QBX bridge initialized","timestamp":"2024-04-17T22:19:03.467Z"}
{"level":"debug","message":"Boot service started","module":"boot","timestamp":"2024-04-17T22:19:03.467Z"}
{"level":"debug","message":"Messages service started","module":"messages","timestamp":"2024-04-17T22:19:03.467Z"}
{"level":"debug","message":"Notes service started","module":"notes","timestamp":"2024-04-17T22:19:03.468Z"}
{"level":"debug","message":"Contacts service started","module":"contact","timestamp":"2024-04-17T22:19:03.468Z"}
{"level":"debug","message":"Photo service started","module":"photo","timestamp":"2024-04-17T22:19:03.479Z"}
{"level":"debug","message":"Twitter service started","module":"twitter","timestamp":"2024-04-17T22:19:03.479Z"}
{"level":"debug","message":"Match service started","module":"match","timestamp":"2024-04-17T22:19:03.480Z"}
{"level":"debug","message":"Beginning database schema validation","module":"boot","timestamp":"2024-04-17T22:19:04.520Z"}
{"level":"info","message":"Successfully started","timestamp":"2024-04-17T22:19:04.527Z"}
{"level":"info","message":"Executed query (SELECT COUNT(*) as count\n                       FROM information_schema.tables\n                       WHERE table_schema = ?\n                         AND table_name = ? [\"Qbox\",\"players\"]) in 98.2809ms'","module":"DBInterface","timestamp":"2024-04-17T22:19:04.619Z"}
{"level":"info","message":"Executed query (SHOW COLUMNS IN players []) in 16.1804ms'","module":"DBInterface","timestamp":"2024-04-17T22:19:04.635Z"}
{"level":"debug","message":"Database schema successfully validated","module":"boot","timestamp":"2024-04-17T22:19:04.635Z"}
{"level":"info","message":"New NPWD Player added through event (1) (HOWZ6711)","module":"player","timestamp":"2024-04-17T22:21:00.059Z"}
{"level":"debug","message":{"_firstname":"Dev","_identifier":"HOWZ6711","_lastname":"Giovanni","_phoneNumber":"6265737748","source":1,"username":"Giovanni"},"module":"player","timestamp":"2024-04-17T22:21:00.059Z"}
{"level":"info","message":"New NPWD Player added through event (1) (HOWZ6711)","module":"player","timestamp":"2024-04-17T22:21:00.075Z"}
{"level":"debug","message":{"_firstname":"Dev","_identifier":"HOWZ6711","_lastname":"Giovanni","_phoneNumber":"6265737748","source":1,"username":"Giovanni"},"module":"player","timestamp":"2024-04-17T22:21:00.075Z"}
{"level":"silly","message":"netPromise > npwd:fetchTweets > RequestObj","module":"events","timestamp":"2024-04-17T22:21:00.182Z"}
{"level":"silly","message":{"data":{"pageId":0},"source":1},"module":"events","timestamp":"2024-04-17T22:21:00.182Z"}
{"level":"info","message":"Executed query (\n        SELECT *\n        FROM npwd_twitter_profiles\n        WHERE identifier = ?\n        LIMIT 1\n\t\t [\"HOWZ6711\"]) in 3.5349ms'","module":"DBInterface","timestamp":"2024-04-17T22:21:00.187Z"}
{"level":"info","message":"Executed query (\n        SELECT \n  npwd_twitter_tweets.id,\n  npwd_twitter_tweets.identifier,\n  npwd_twitter_profiles.id AS profile_id,\n  npwd_twitter_profiles.profile_name,\n  npwd_twitter_profiles.avatar_url,\n  npwd_twitter_tweets.likes,\n  npwd_twitter_tweets.visible,\n  IFNULL(COALESCE(retweets.message, npwd_twitter_tweets.message), '') AS message,\n  IFNULL(COALESCE(retweets.images, npwd_twitter_tweets.images), '') AS images,\n  npwd_twitter_tweets.retweet IS NOT NULL AS isRetweet,\n  retweets.id AS retweetId,\n  retweets_profiles.profile_name AS retweetProfileName,\n  retweets_profiles.avatar_url AS retweetAvatarUrl,\n  npwd_twitter_likes.id IS NOT NULL AS isLiked,\n  npwd_twitter_reports.id IS NOT NULL AS isReported,\n  npwd_twitter_tweets.createdAt,\n  npwd_twitter_tweets.updatedAt,\n  TIME_TO_SEC(TIMEDIFF( NOW(), npwd_twitter_tweets.createdAt)) AS seconds_since_tweet\n\n        FROM npwd_twitter_tweets\n                 LEFT OUTER JOIN npwd_twitter_profiles\n                                 ON npwd_twitter_tweets.identifier = npwd_twitter_profiles.identifier\n                 LEFT OUTER JOIN npwd_twitter_likes ON npwd_twitter_tweets.id = npwd_twitter_likes.tweet_id AND\n                                                       npwd_twitter_likes.profile_id = ?\n                 LEFT OUTER JOIN npwd_twitter_reports ON npwd_twitter_tweets.id = npwd_twitter_reports.tweet_id AND\n                                                         npwd_twitter_reports.profile_id = ?\n                 LEFT OUTER JOIN npwd_twitter_tweets AS retweets ON retweets.id = npwd_twitter_tweets.retweet\n                 LEFT OUTER JOIN npwd_twitter_profiles AS retweets_profiles\n                                 ON retweets.identifier = retweets_profiles.identifier\n        WHERE npwd_twitter_tweets.visible = 1\n        ORDER BY id DESC\n        LIMIT ? OFFSET ?\n\t\t [1,1,\"25\",\"0\"]) in 73.437ms'","module":"DBInterface","timestamp":"2024-04-17T22:21:00.260Z"}
{"level":"silly","message":"Response Promise Event npwd:fetchTweets:1b51e1a5-c27e-4e89-bff2-3f9a9ccd18a1 (78.9733ms), Data >>","module":"events","timestamp":"2024-04-17T22:21:00.261Z"}
{"level":"silly","message":{"data":[],"status":"ok"},"module":"events","timestamp":"2024-04-17T22:21:00.261Z"}
{"level":"silly","message":"netPromise > npwd:getOrCreateTwitterProfile > RequestObj","module":"events","timestamp":"2024-04-17T22:21:00.367Z"}
{"level":"silly","message":{"data":null,"source":1},"module":"events","timestamp":"2024-04-17T22:21:00.368Z"}
{"level":"silly","message":"netPromise > phone:getMyProfile > RequestObj","module":"events","timestamp":"2024-04-17T22:21:00.368Z"}
{"level":"silly","message":{"data":null,"source":1},"module":"events","timestamp":"2024-04-17T22:21:00.368Z"}
{"level":"silly","message":"netPromise > npwd:fetchMessageGroups > RequestObj","module":"events","timestamp":"2024-04-17T22:21:00.372Z"}
{"level":"silly","message":{"data":null,"source":1},"module":"events","timestamp":"2024-04-17T22:21:00.372Z"}
{"level":"silly","message":"netPromise > npwd-contact-getAll > RequestObj","module":"events","timestamp":"2024-04-17T22:21:00.373Z"}
{"level":"silly","message":{"data":null,"source":1},"module":"events","timestamp":"2024-04-17T22:21:00.373Z"}
{"level":"info","message":"Executed query (\n        SELECT *\n        FROM npwd_twitter_profiles\n        WHERE identifier = ?\n        LIMIT 1\n\t\t [\"HOWZ6711\"]) in 13.2733ms'","module":"DBInterface","timestamp":"2024-04-17T22:21:00.381Z"}
{"level":"silly","message":"Response Promise Event npwd:getOrCreateTwitterProfile:22006e9e-6746-42b0-894f-e9533a8890fd (14.0949ms), Data >>","module":"events","timestamp":"2024-04-17T22:21:00.381Z"}
{"level":"silly","message":{"data":{"avatar_url":"https://i.fivemanage.com/images/3ClWwmpwkFhL.png","createdAt":"2024-04-17T21:30:32.000Z","id":1,"identifier":"HOWZ6711","profile_name":"Dev_Giovanni","updatedAt":"2024-04-17T21:30:32.000Z"},"status":"ok"},"module":"events","timestamp":"2024-04-17T22:21:00.382Z"}
{"level":"info","message":"Executed query (\n        SELECT *,\n               UNIX_TIMESTAMP(updatedAt) AS lastActive\n        FROM npwd_match_profiles\n        WHERE identifier = ?\n        LIMIT 1\n\t\t [\"HOWZ6711\"]) in 17.654ms'","module":"DBInterface","timestamp":"2024-04-17T22:21:00.387Z"}
{"level":"silly","message":"Response Promise Event phone:getMyProfile:aaaec46b-8d9d-4582-88ae-fddbb02dffae (19.5486ms), Data >>","module":"events","timestamp":"2024-04-17T22:21:00.388Z"}
{"level":"silly","message":{"data":{"bio":"","createdAt":"2024-04-17T21:30:32.000Z","id":1,"identifier":"HOWZ6711","image":"https://upload.wikimedia.org/wikipedia/commons/a/ac/No_image_available.svg","job":"","lastActive":1713389432,"lastActiveFormatted":"Wed, 17 Apr 2024 21:30:32 GMT","location":"","name":"Dev Giovanni","tagList":[],"tags":"","updatedAt":"2024-04-17T21:30:32.000Z","viewed":false,"voiceMessage":null},"status":"ok"},"module":"events","timestamp":"2024-04-17T22:21:00.388Z"}
{"level":"silly","message":"Response Promise Event npwd-contact-getAll:abca5c6e-f48b-4a3c-a250-5410799334e7 (16.6059ms), Data >>","module":"events","timestamp":"2024-04-17T22:21:00.390Z"}
{"level":"silly","message":{"data":[],"status":"ok"},"module":"events","timestamp":"2024-04-17T22:21:00.390Z"}
{"level":"silly","message":"Response Promise Event npwd:fetchMessageGroups:27aa62dd-ac52-4bf4-9451-6b3a852a866a (19.1834ms), Data >>","module":"events","timestamp":"2024-04-17T22:21:00.391Z"}
{"level":"silly","message":{"data":[],"status":"ok"},"module":"events","timestamp":"2024-04-17T22:21:00.391Z"}
{"level":"info","message":"Executed query (SELECT * FROM npwd_phone_contacts WHERE identifier = ? ORDER BY display ASC [\"HOWZ6711\"]) in 15.6947ms'","module":"DBInterface","timestamp":"2024-04-17T22:21:00.390Z"}
{"level":"info","message":"Executed query (SELECT npwd_messages_conversations.id,\n                          npwd_messages_conversations.conversation_list         as conversationList,\n                          npwd_messages_participants.unread_count               as unreadCount,\n                          npwd_messages_conversations.is_group_chat             as isGroupChat,\n                          npwd_messages_conversations.label,\n                          UNIX_TIMESTAMP(npwd_messages_conversations.updatedAt) as updatedAt,\n                          npwd_messages_participants.participant\n                   FROM npwd_messages_conversations\n                            INNER JOIN npwd_messages_participants\n                                       on npwd_messages_conversations.id = npwd_messages_participants.conversation_id\n                   WHERE npwd_messages_participants.participant = ? [\"6265737748\"]) in 18.4195ms'","module":"DBInterface","timestamp":"2024-04-17T22:21:00.391Z"}
{"level":"silly","message":"netPromise > npwd:fetchCalls > RequestObj","module":"events","timestamp":"2024-04-17T22:25:33.960Z"}
{"level":"silly","message":{"data":null,"source":1},"module":"events","timestamp":"2024-04-17T22:25:33.961Z"}
{"level":"info","message":"Executed query (SELECT * FROM npwd_calls WHERE receiver = ? OR transmitter = ? ORDER BY id DESC LIMIT ? [\"6265737748\",\"6265737748\",\"50\"]) in 5.3364ms'","module":"DBInterface","timestamp":"2024-04-17T22:25:33.967Z"}
{"level":"silly","message":"Response Promise Event npwd:fetchCalls:bb398c43-0ac2-48ae-9d6c-3870422cc92c (7.1972ms), Data >>","module":"events","timestamp":"2024-04-17T22:25:33.967Z"}
{"level":"silly","message":{"data":[],"status":"ok"},"module":"events","timestamp":"2024-04-17T22:25:33.967Z"}
{"level":"silly","message":"netPromise > npwd:darkchatFetchChannels > RequestObj","module":"events","timestamp":"2024-04-17T22:25:46.009Z"}
{"level":"silly","message":{"data":null,"source":1},"module":"events","timestamp":"2024-04-17T22:25:46.010Z"}
{"level":"info","message":"Executed query (SELECT npwd_darkchat_channels.id,\n                          npwd_darkchat_channels.channel_identifier AS identifier,\n                          npwd_darkchat_channels.label\n                   FROM npwd_darkchat_channels\n                            LEFT JOIN npwd_darkchat_channel_members\n                                      on npwd_darkchat_channels.id = npwd_darkchat_channel_members.channel_id\n                   WHERE npwd_darkchat_channel_members.user_identifier = ? [\"HOWZ6711\"]) in 5.8108ms'","module":"DBInterface","timestamp":"2024-04-17T22:25:46.016Z"}
{"level":"silly","message":"Response Promise Event npwd:darkchatFetchChannels:9bc75906-f5eb-42e5-9205-895e69f0a1d6 (6.9234ms), Data >>","module":"events","timestamp":"2024-04-17T22:25:46.016Z"}
{"level":"silly","message":{"data":[],"status":"ok"},"module":"events","timestamp":"2024-04-17T22:25:46.016Z"}
{"level":"silly","message":"netPromise > npwd:fetchAllNotes > RequestObj","module":"events","timestamp":"2024-04-17T22:25:59.303Z"}
{"level":"silly","message":{"data":null,"source":1},"module":"events","timestamp":"2024-04-17T22:25:59.304Z"}
{"level":"info","message":"Executed query (SELECT * FROM npwd_notes WHERE identifier = ? ORDER BY id DESC [\"HOWZ6711\"]) in 3.5518ms'","module":"DBInterface","timestamp":"2024-04-17T22:25:59.308Z"}
{"level":"silly","message":"Response Promise Event npwd:fetchAllNotes:2e944d68-2594-4729-b89c-4607ee04cc46 (5.5005ms), Data >>","module":"events","timestamp":"2024-04-17T22:25:59.308Z"}
{"level":"silly","message":{"data":[],"status":"ok"},"module":"events","timestamp":"2024-04-17T22:25:59.308Z"}
{"level":"silly","message":"netPromise > npwd:FetchPhotos > RequestObj","module":"events","timestamp":"2024-04-17T22:26:01.440Z"}
{"level":"silly","message":{"data":null,"source":1},"module":"events","timestamp":"2024-04-17T22:26:01.440Z"}
{"level":"info","message":"Executed query (SELECT id, image FROM npwd_phone_gallery WHERE identifier = ? ORDER BY id DESC [\"HOWZ6711\"]) in 4.4415ms'","module":"DBInterface","timestamp":"2024-04-17T22:26:01.445Z"}
{"level":"silly","message":"Response Promise Event npwd:FetchPhotos:8af18af2-eadb-4cd9-902f-4066ca0e8d78 (5.1074ms), Data >>","module":"events","timestamp":"2024-04-17T22:26:01.446Z"}
{"level":"silly","message":{"data":[],"status":"ok"},"module":"events","timestamp":"2024-04-17T22:26:01.446Z"}
{"level":"silly","message":"netPromise > npwd:UploadPhoto > RequestObj","module":"events","timestamp":"2024-04-17T22:26:04.540Z"}
{"level":"silly","message":{"source":1},"module":"events","timestamp":"2024-04-17T22:26:04.541Z"}
{"level":"error","message":"Failed to upload photo, status code: 401: {\"message\":\"Token does not exist\"}\n","module":"photo","source":1,"timestamp":"2024-04-17T22:26:06.628Z"}
{"level":"silly","message":"Response Promise Event npwd:UploadPhoto:9422c611-e498-49b3-b234-7c6de0c44c97 (2089.3208ms), Data >>","module":"events","timestamp":"2024-04-17T22:26:06.630Z"}
{"level":"silly","message":{"errorMsg":"GENERIC_DB_ERROR","status":"error"},"module":"events","timestamp":"2024-04-17T22:26:06.630Z"}
{"level":"silly","message":"netPromise > phone:getMatchProfiles > RequestObj","module":"events","timestamp":"2024-04-17T22:26:16.343Z"}
{"level":"silly","message":{"data":null,"source":1},"module":"events","timestamp":"2024-04-17T22:26:16.343Z"}
{"level":"info","message":"Executed query (\n        SELECT npwd_match_profiles.*,\n               UNIX_TIMESTAMP(npwd_match_profiles.updatedAt) AS lastActive,\n               MaxDates.lastSeen,\n               MaxDates.liked\n        FROM npwd_match_profiles\n                 LEFT OUTER JOIN (\n            SELECT id, profile, liked, MAX(createdAt) AS lastSeen\n            FROM npwd_match_views\n            WHERE identifier = ?\n            GROUP BY id, profile, liked\n        ) AS MaxDates ON npwd_match_profiles.id = MaxDates.profile\n        WHERE npwd_match_profiles.identifier != ?\n          AND (MaxDates.lastSeen IS NULL OR MaxDates.lastSeen < NOW() - INTERVAL 7 DAY)\n          AND MaxDates.liked IS NULL\n        ORDER BY npwd_match_profiles.updatedAt DESC\n        LIMIT 25\n\t\t [\"HOWZ6711\",\"HOWZ6711\"]) in 6.0337ms'","module":"DBInterface","timestamp":"2024-04-17T22:26:16.350Z"}
{"level":"silly","message":"Response Promise Event phone:getMatchProfiles:5fd03eed-27c9-4f54-a56f-e748251047e2 (6.7193ms), Data >>","module":"events","timestamp":"2024-04-17T22:26:16.350Z"}
{"level":"silly","message":{"data":[],"status":"ok"},"module":"events","timestamp":"2024-04-17T22:26:16.350Z"}
{"level":"info","message":"Executed query (SELECT id FROM npwd_marketplace_listings WHERE identifier = ? [\"HOWZ6711\"]) in 68.8752ms'","module":"DBInterface","timestamp":"2024-04-17T23:11:02.872Z"}
{"level":"info","message":"Executed query (DELETE FROM npwd_marketplace_listings WHERE identifier = ? AND reported = 0 [\"HOWZ6711\"]) in 1.1648ms'","module":"DBInterface","timestamp":"2024-04-17T23:11:02.874Z"}
{"level":"info","message":"Unloaded NPWD Player, source: (1)","module":"player","timestamp":"2024-04-17T23:11:02.874Z"}
{"level":"debug","message":"Marketplace service started","module":"marketplace","timestamp":"2024-04-18T01:51:50.654Z"}
{"level":"debug","message":"Call service started","module":"calls","timestamp":"2024-04-18T01:51:50.655Z"}
{"level":"debug","message":"Player Service started","module":"player","timestamp":"2024-04-18T01:51:50.655Z"}
{"level":"info","message":"Loading QBX bridge....","timestamp":"2024-04-18T01:51:50.656Z"}
{"level":"info","message":"QBX bridge initialized","timestamp":"2024-04-18T01:51:50.656Z"}
{"level":"debug","message":"Boot service started","module":"boot","timestamp":"2024-04-18T01:51:50.656Z"}
{"level":"debug","message":"Messages service started","module":"messages","timestamp":"2024-04-18T01:51:50.657Z"}
{"level":"debug","message":"Notes service started","module":"notes","timestamp":"2024-04-18T01:51:50.657Z"}
{"level":"debug","message":"Contacts service started","module":"contact","timestamp":"2024-04-18T01:51:50.657Z"}
{"level":"debug","message":"Photo service started","module":"photo","timestamp":"2024-04-18T01:51:50.668Z"}
{"level":"debug","message":"Twitter service started","module":"twitter","timestamp":"2024-04-18T01:51:50.669Z"}
{"level":"debug","message":"Match service started","module":"match","timestamp":"2024-04-18T01:51:50.669Z"}
{"level":"debug","message":"Beginning database schema validation","module":"boot","timestamp":"2024-04-18T01:51:52.612Z"}
{"level":"info","message":"Successfully started","timestamp":"2024-04-18T01:51:52.620Z"}
{"level":"error","message":"Error executing (SELECT COUNT(*) as count\n                       FROM information_schema.tables\n                       WHERE table_schema = ?\n                         AND table_name = ? [\"Qbox\",\"players\"]) with error message connect ECONNREFUSED 127.0.0.1:3306","module":"DBInterface","timestamp":"2024-04-18T01:51:52.724Z"}
{"level":"debug","message":"Marketplace service started","module":"marketplace","timestamp":"2024-04-18T02:58:05.956Z"}
{"level":"debug","message":"Call service started","module":"calls","timestamp":"2024-04-18T02:58:05.958Z"}
{"level":"debug","message":"Player Service started","module":"player","timestamp":"2024-04-18T02:58:05.959Z"}
{"level":"info","message":"Loading QBX bridge....","timestamp":"2024-04-18T02:58:05.959Z"}
{"level":"info","message":"QBX bridge initialized","timestamp":"2024-04-18T02:58:05.959Z"}
{"level":"debug","message":"Boot service started","module":"boot","timestamp":"2024-04-18T02:58:05.959Z"}
{"level":"debug","message":"Messages service started","module":"messages","timestamp":"2024-04-18T02:58:05.960Z"}
{"level":"debug","message":"Notes service started","module":"notes","timestamp":"2024-04-18T02:58:05.960Z"}
{"level":"debug","message":"Contacts service started","module":"contact","timestamp":"2024-04-18T02:58:05.960Z"}
{"level":"debug","message":"Photo service started","module":"photo","timestamp":"2024-04-18T02:58:05.970Z"}
{"level":"debug","message":"Twitter service started","module":"twitter","timestamp":"2024-04-18T02:58:05.970Z"}
{"level":"debug","message":"Match service started","module":"match","timestamp":"2024-04-18T02:58:05.971Z"}
{"level":"debug","message":"Beginning database schema validation","module":"boot","timestamp":"2024-04-18T02:58:07.010Z"}
{"level":"info","message":"Successfully started","timestamp":"2024-04-18T02:58:07.018Z"}
{"level":"error","message":"Error executing (SELECT COUNT(*) as count\n                       FROM information_schema.tables\n                       WHERE table_schema = ?\n                         AND table_name = ? [\"Qbox\",\"players\"]) with error message connect ECONNREFUSED 127.0.0.1:3306","module":"DBInterface","timestamp":"2024-04-18T02:58:07.089Z"}
{"level":"debug","message":"Marketplace service started","module":"marketplace","timestamp":"2024-04-18T03:05:24.938Z"}
{"level":"debug","message":"Call service started","module":"calls","timestamp":"2024-04-18T03:05:24.941Z"}
{"level":"debug","message":"Player Service started","module":"player","timestamp":"2024-04-18T03:05:24.941Z"}
{"level":"info","message":"Loading QBX bridge....","timestamp":"2024-04-18T03:05:24.941Z"}
{"level":"info","message":"QBX bridge initialized","timestamp":"2024-04-18T03:05:24.942Z"}
{"level":"debug","message":"Boot service started","module":"boot","timestamp":"2024-04-18T03:05:24.942Z"}
{"level":"debug","message":"Messages service started","module":"messages","timestamp":"2024-04-18T03:05:24.944Z"}
{"level":"debug","message":"Notes service started","module":"notes","timestamp":"2024-04-18T03:05:24.944Z"}
{"level":"debug","message":"Contacts service started","module":"contact","timestamp":"2024-04-18T03:05:24.945Z"}
{"level":"debug","message":"Photo service started","module":"photo","timestamp":"2024-04-18T03:05:24.967Z"}
{"level":"debug","message":"Twitter service started","module":"twitter","timestamp":"2024-04-18T03:05:24.967Z"}
{"level":"debug","message":"Match service started","module":"match","timestamp":"2024-04-18T03:05:24.968Z"}
{"level":"debug","message":"Beginning database schema validation","module":"boot","timestamp":"2024-04-18T03:05:26.159Z"}
{"level":"info","message":"Successfully started","timestamp":"2024-04-18T03:05:26.168Z"}
{"level":"info","message":"Executed query (SELECT COUNT(*) as count\n                       FROM information_schema.tables\n                       WHERE table_schema = ?\n                         AND table_name = ? [\"Qbox\",\"players\"]) in 122.9639ms'","module":"DBInterface","timestamp":"2024-04-18T03:05:26.283Z"}
{"level":"info","message":"Executed query (SHOW COLUMNS IN players []) in 88.8456ms'","module":"DBInterface","timestamp":"2024-04-18T03:05:26.372Z"}
{"level":"debug","message":"Database schema successfully validated","module":"boot","timestamp":"2024-04-18T03:05:26.372Z"}
{"level":"info","message":"New NPWD Player added through event (1) (HOWZ6711)","module":"player","timestamp":"2024-04-18T03:06:24.535Z"}
{"level":"debug","message":{"_firstname":"Dev","_identifier":"HOWZ6711","_lastname":"Giovanni","_phoneNumber":"6265737748","source":1,"username":"Giovanni"},"module":"player","timestamp":"2024-04-18T03:06:24.535Z"}
{"level":"info","message":"New NPWD Player added through event (1) (HOWZ6711)","module":"player","timestamp":"2024-04-18T03:06:24.554Z"}
{"level":"debug","message":{"_firstname":"Dev","_identifier":"HOWZ6711","_lastname":"Giovanni","_phoneNumber":"6265737748","source":1,"username":"Giovanni"},"module":"player","timestamp":"2024-04-18T03:06:24.555Z"}
{"level":"silly","message":"netPromise > npwd:fetchTweets > RequestObj","module":"events","timestamp":"2024-04-18T03:06:24.662Z"}
{"level":"silly","message":{"data":{"pageId":0},"source":1},"module":"events","timestamp":"2024-04-18T03:06:24.662Z"}
{"level":"info","message":"Executed query (\n        SELECT *\n        FROM npwd_twitter_profiles\n        WHERE identifier = ?\n        LIMIT 1\n\t\t [\"HOWZ6711\"]) in 24.3302ms'","module":"DBInterface","timestamp":"2024-04-18T03:06:24.687Z"}
{"level":"info","message":"Executed query (\n        SELECT \n  npwd_twitter_tweets.id,\n  npwd_twitter_tweets.identifier,\n  npwd_twitter_profiles.id AS profile_id,\n  npwd_twitter_profiles.profile_name,\n  npwd_twitter_profiles.avatar_url,\n  npwd_twitter_tweets.likes,\n  npwd_twitter_tweets.visible,\n  IFNULL(COALESCE(retweets.message, npwd_twitter_tweets.message), '') AS message,\n  IFNULL(COALESCE(retweets.images, npwd_twitter_tweets.images), '') AS images,\n  npwd_twitter_tweets.retweet IS NOT NULL AS isRetweet,\n  retweets.id AS retweetId,\n  retweets_profiles.profile_name AS retweetProfileName,\n  retweets_profiles.avatar_url AS retweetAvatarUrl,\n  npwd_twitter_likes.id IS NOT NULL AS isLiked,\n  npwd_twitter_reports.id IS NOT NULL AS isReported,\n  npwd_twitter_tweets.createdAt,\n  npwd_twitter_tweets.updatedAt,\n  TIME_TO_SEC(TIMEDIFF( NOW(), npwd_twitter_tweets.createdAt)) AS seconds_since_tweet\n\n        FROM npwd_twitter_tweets\n                 LEFT OUTER JOIN npwd_twitter_profiles\n                                 ON npwd_twitter_tweets.identifier = npwd_twitter_profiles.identifier\n                 LEFT OUTER JOIN npwd_twitter_likes ON npwd_twitter_tweets.id = npwd_twitter_likes.tweet_id AND\n                                                       npwd_twitter_likes.profile_id = ?\n                 LEFT OUTER JOIN npwd_twitter_reports ON npwd_twitter_tweets.id = npwd_twitter_reports.tweet_id AND\n                                                         npwd_twitter_reports.profile_id = ?\n                 LEFT OUTER JOIN npwd_twitter_tweets AS retweets ON retweets.id = npwd_twitter_tweets.retweet\n                 LEFT OUTER JOIN npwd_twitter_profiles AS retweets_profiles\n                                 ON retweets.identifier = retweets_profiles.identifier\n        WHERE npwd_twitter_tweets.visible = 1\n        ORDER BY id DESC\n        LIMIT ? OFFSET ?\n\t\t [1,1,\"25\",\"0\"]) in 37.5728ms'","module":"DBInterface","timestamp":"2024-04-18T03:06:24.724Z"}
{"level":"silly","message":"Response Promise Event npwd:fetchTweets:6906c5ea-1409-4ec4-a769-1eb9cfba4970 (63.0493ms), Data >>","module":"events","timestamp":"2024-04-18T03:06:24.725Z"}
{"level":"silly","message":{"data":[],"status":"ok"},"module":"events","timestamp":"2024-04-18T03:06:24.725Z"}
{"level":"silly","message":"netPromise > npwd:getOrCreateTwitterProfile > RequestObj","module":"events","timestamp":"2024-04-18T03:06:24.831Z"}
{"level":"silly","message":{"data":null,"source":1},"module":"events","timestamp":"2024-04-18T03:06:24.831Z"}
{"level":"silly","message":"netPromise > phone:getMyProfile > RequestObj","module":"events","timestamp":"2024-04-18T03:06:24.832Z"}
{"level":"silly","message":{"data":null,"source":1},"module":"events","timestamp":"2024-04-18T03:06:24.832Z"}
{"level":"silly","message":"netPromise > npwd:fetchMessageGroups > RequestObj","module":"events","timestamp":"2024-04-18T03:06:24.833Z"}
{"level":"silly","message":{"data":null,"source":1},"module":"events","timestamp":"2024-04-18T03:06:24.833Z"}
{"level":"silly","message":"netPromise > npwd-contact-getAll > RequestObj","module":"events","timestamp":"2024-04-18T03:06:24.837Z"}
{"level":"silly","message":{"data":null,"source":1},"module":"events","timestamp":"2024-04-18T03:06:24.837Z"}
{"level":"info","message":"Executed query (\n        SELECT *\n        FROM npwd_twitter_profiles\n        WHERE identifier = ?\n        LIMIT 1\n\t\t [\"HOWZ6711\"]) in 12.9482ms'","module":"DBInterface","timestamp":"2024-04-18T03:06:24.844Z"}
{"level":"silly","message":"Response Promise Event npwd:getOrCreateTwitterProfile:2eb7c128-f1e1-4de5-9d5b-421d7c5cc31a (14.0392ms), Data >>","module":"events","timestamp":"2024-04-18T03:06:24.845Z"}
{"level":"silly","message":{"data":{"avatar_url":"https://i.fivemanage.com/images/3ClWwmpwkFhL.png","createdAt":"2024-04-17T21:30:32.000Z","id":1,"identifier":"HOWZ6711","profile_name":"Dev_Giovanni","updatedAt":"2024-04-17T21:30:32.000Z"},"status":"ok"},"module":"events","timestamp":"2024-04-18T03:06:24.845Z"}
{"level":"info","message":"Executed query (SELECT * FROM npwd_phone_contacts WHERE identifier = ? ORDER BY display ASC [\"HOWZ6711\"]) in 25.5135ms'","module":"DBInterface","timestamp":"2024-04-18T03:06:24.863Z"}
{"level":"silly","message":"Response Promise Event npwd-contact-getAll:e27f69f1-21a0-43f8-b02e-5d85dc09643b (26.2476ms), Data >>","module":"events","timestamp":"2024-04-18T03:06:24.863Z"}
{"level":"info","message":"Executed query (\n        SELECT *,\n               UNIX_TIMESTAMP(updatedAt) AS lastActive\n        FROM npwd_match_profiles\n        WHERE identifier = ?\n        LIMIT 1\n\t\t [\"HOWZ6711\"]) in 32.9492ms'","module":"DBInterface","timestamp":"2024-04-18T03:06:24.865Z"}
{"level":"silly","message":{"data":[],"status":"ok"},"module":"events","timestamp":"2024-04-18T03:06:24.863Z"}
{"level":"silly","message":"Response Promise Event phone:getMyProfile:4e37296c-7986-4b32-85a3-6c87445ec3d0 (34.0173ms), Data >>","module":"events","timestamp":"2024-04-18T03:06:24.866Z"}
{"level":"silly","message":{"data":{"bio":"","createdAt":"2024-04-17T21:30:32.000Z","id":1,"identifier":"HOWZ6711","image":"https://upload.wikimedia.org/wikipedia/commons/a/ac/No_image_available.svg","job":"","lastActive":1713389432,"lastActiveFormatted":"Wed, 17 Apr 2024 21:30:32 GMT","location":"","name":"Dev Giovanni","tagList":[],"tags":"","updatedAt":"2024-04-17T21:30:32.000Z","viewed":false,"voiceMessage":null},"status":"ok"},"module":"events","timestamp":"2024-04-18T03:06:24.866Z"}
{"level":"info","message":"Executed query (SELECT npwd_messages_conversations.id,\n                          npwd_messages_conversations.conversation_list         as conversationList,\n                          npwd_messages_participants.unread_count               as unreadCount,\n                          npwd_messages_conversations.is_group_chat             as isGroupChat,\n                          npwd_messages_conversations.label,\n                          UNIX_TIMESTAMP(npwd_messages_conversations.updatedAt) as updatedAt,\n                          npwd_messages_participants.participant\n                   FROM npwd_messages_conversations\n                            INNER JOIN npwd_messages_participants\n                                       on npwd_messages_conversations.id = npwd_messages_participants.conversation_id\n                   WHERE npwd_messages_participants.participant = ? [\"6265737748\"]) in 32.8482ms'","module":"DBInterface","timestamp":"2024-04-18T03:06:24.867Z"}
{"level":"silly","message":"Response Promise Event npwd:fetchMessageGroups:7d4f52ad-d61f-4bbb-8f09-3b3bb7b091af (34.5548ms), Data >>","module":"events","timestamp":"2024-04-18T03:06:24.868Z"}
{"level":"silly","message":{"data":[],"status":"ok"},"module":"events","timestamp":"2024-04-18T03:06:24.868Z"}
{"level":"info","message":"Executed query (SELECT id FROM npwd_marketplace_listings WHERE identifier = ? [\"HOWZ6711\"]) in 21.5371ms'","module":"DBInterface","timestamp":"2024-04-18T03:06:41.672Z"}
{"level":"info","message":"Unloaded NPWD Player, source: (1)","module":"player","timestamp":"2024-04-18T03:06:41.675Z"}
{"level":"info","message":"Executed query (DELETE FROM npwd_marketplace_listings WHERE identifier = ? AND reported = 0 [\"HOWZ6711\"]) in 2.0806ms'","module":"DBInterface","timestamp":"2024-04-18T03:06:41.674Z"}
{"level":"debug","message":"Marketplace service started","module":"marketplace","timestamp":"2024-04-18T03:12:28.023Z"}
{"level":"debug","message":"Call service started","module":"calls","timestamp":"2024-04-18T03:12:28.025Z"}
{"level":"debug","message":"Player Service started","module":"player","timestamp":"2024-04-18T03:12:28.025Z"}
{"level":"info","message":"Loading QBX bridge....","timestamp":"2024-04-18T03:12:28.025Z"}
{"level":"info","message":"QBX bridge initialized","timestamp":"2024-04-18T03:12:28.026Z"}
{"level":"debug","message":"Boot service started","module":"boot","timestamp":"2024-04-18T03:12:28.026Z"}
{"level":"debug","message":"Messages service started","module":"messages","timestamp":"2024-04-18T03:12:28.026Z"}
{"level":"debug","message":"Notes service started","module":"notes","timestamp":"2024-04-18T03:12:28.027Z"}
{"level":"debug","message":"Contacts service started","module":"contact","timestamp":"2024-04-18T03:12:28.027Z"}
{"level":"debug","message":"Photo service started","module":"photo","timestamp":"2024-04-18T03:12:28.038Z"}
{"level":"debug","message":"Twitter service started","module":"twitter","timestamp":"2024-04-18T03:12:28.038Z"}
{"level":"debug","message":"Match service started","module":"match","timestamp":"2024-04-18T03:12:28.039Z"}
{"level":"debug","message":"Beginning database schema validation","module":"boot","timestamp":"2024-04-18T03:12:29.356Z"}
{"level":"info","message":"Successfully started","timestamp":"2024-04-18T03:12:29.365Z"}
{"level":"info","message":"Executed query (SELECT COUNT(*) as count\n                       FROM information_schema.tables\n                       WHERE table_schema = ?\n                         AND table_name = ? [\"Qbox\",\"players\"]) in 202.0478ms'","module":"DBInterface","timestamp":"2024-04-18T03:12:29.559Z"}
{"level":"info","message":"Executed query (SHOW COLUMNS IN players []) in 62.7621ms'","module":"DBInterface","timestamp":"2024-04-18T03:12:29.622Z"}
{"level":"debug","message":"Database schema successfully validated","module":"boot","timestamp":"2024-04-18T03:12:29.622Z"}
{"level":"debug","message":"Marketplace service started","module":"marketplace","timestamp":"2024-04-18T03:34:06.499Z"}
{"level":"debug","message":"Call service started","module":"calls","timestamp":"2024-04-18T03:34:06.501Z"}
{"level":"debug","message":"Player Service started","module":"player","timestamp":"2024-04-18T03:34:06.501Z"}
{"level":"info","message":"Loading QBX bridge....","timestamp":"2024-04-18T03:34:06.502Z"}
{"level":"info","message":"QBX bridge initialized","timestamp":"2024-04-18T03:34:06.502Z"}
{"level":"debug","message":"Boot service started","module":"boot","timestamp":"2024-04-18T03:34:06.502Z"}
{"level":"debug","message":"Messages service started","module":"messages","timestamp":"2024-04-18T03:34:06.503Z"}
{"level":"debug","message":"Notes service started","module":"notes","timestamp":"2024-04-18T03:34:06.504Z"}
{"level":"debug","message":"Contacts service started","module":"contact","timestamp":"2024-04-18T03:34:06.504Z"}
{"level":"debug","message":"Photo service started","module":"photo","timestamp":"2024-04-18T03:34:06.514Z"}
{"level":"debug","message":"Twitter service started","module":"twitter","timestamp":"2024-04-18T03:34:06.514Z"}
{"level":"debug","message":"Match service started","module":"match","timestamp":"2024-04-18T03:34:06.515Z"}
{"level":"debug","message":"Beginning database schema validation","module":"boot","timestamp":"2024-04-18T03:34:07.605Z"}
{"level":"info","message":"Successfully started","timestamp":"2024-04-18T03:34:07.614Z"}
{"level":"info","message":"Executed query (SELECT COUNT(*) as count\n                       FROM information_schema.tables\n                       WHERE table_schema = ?\n                         AND table_name = ? [\"Qbox\",\"players\"]) in 107.2636ms'","module":"DBInterface","timestamp":"2024-04-18T03:34:07.713Z"}
{"level":"info","message":"Executed query (SHOW COLUMNS IN players []) in 40.1464ms'","module":"DBInterface","timestamp":"2024-04-18T03:34:07.754Z"}
{"level":"debug","message":"Database schema successfully validated","module":"boot","timestamp":"2024-04-18T03:34:07.754Z"}
{"level":"debug","message":"Marketplace service started","module":"marketplace","timestamp":"2024-04-18T03:34:36.622Z"}
{"level":"debug","message":"Call service started","module":"calls","timestamp":"2024-04-18T03:34:36.624Z"}
{"level":"debug","message":"Player Service started","module":"player","timestamp":"2024-04-18T03:34:36.625Z"}
{"level":"info","message":"Loading QBX bridge....","timestamp":"2024-04-18T03:34:36.625Z"}
{"level":"info","message":"QBX bridge initialized","timestamp":"2024-04-18T03:34:36.625Z"}
{"level":"debug","message":"Boot service started","module":"boot","timestamp":"2024-04-18T03:34:36.625Z"}
{"level":"debug","message":"Messages service started","module":"messages","timestamp":"2024-04-18T03:34:36.626Z"}
{"level":"debug","message":"Notes service started","module":"notes","timestamp":"2024-04-18T03:34:36.626Z"}
{"level":"debug","message":"Contacts service started","module":"contact","timestamp":"2024-04-18T03:34:36.627Z"}
{"level":"debug","message":"Photo service started","module":"photo","timestamp":"2024-04-18T03:34:36.637Z"}
{"level":"debug","message":"Twitter service started","module":"twitter","timestamp":"2024-04-18T03:34:36.637Z"}
{"level":"debug","message":"Match service started","module":"match","timestamp":"2024-04-18T03:34:36.637Z"}
{"level":"debug","message":"Beginning database schema validation","module":"boot","timestamp":"2024-04-18T03:34:37.663Z"}
{"level":"info","message":"Successfully started","timestamp":"2024-04-18T03:34:37.671Z"}
{"level":"info","message":"Executed query (SELECT COUNT(*) as count\n                       FROM information_schema.tables\n                       WHERE table_schema = ?\n                         AND table_name = ? [\"Qbox\",\"players\"]) in 108.864ms'","module":"DBInterface","timestamp":"2024-04-18T03:34:37.772Z"}
{"level":"info","message":"Executed query (SHOW COLUMNS IN players []) in 68.2825ms'","module":"DBInterface","timestamp":"2024-04-18T03:34:37.841Z"}
{"level":"debug","message":"Database schema successfully validated","module":"boot","timestamp":"2024-04-18T03:34:37.841Z"}
{"level":"debug","message":"Marketplace service started","module":"marketplace","timestamp":"2024-04-18T03:37:32.414Z"}
{"level":"debug","message":"Call service started","module":"calls","timestamp":"2024-04-18T03:37:32.416Z"}
{"level":"debug","message":"Player Service started","module":"player","timestamp":"2024-04-18T03:37:32.416Z"}
{"level":"info","message":"Loading QBX bridge....","timestamp":"2024-04-18T03:37:32.417Z"}
{"level":"info","message":"QBX bridge initialized","timestamp":"2024-04-18T03:37:32.417Z"}
{"level":"debug","message":"Boot service started","module":"boot","timestamp":"2024-04-18T03:37:32.417Z"}
{"level":"debug","message":"Messages service started","module":"messages","timestamp":"2024-04-18T03:37:32.418Z"}
{"level":"debug","message":"Notes service started","module":"notes","timestamp":"2024-04-18T03:37:32.418Z"}
{"level":"debug","message":"Contacts service started","module":"contact","timestamp":"2024-04-18T03:37:32.419Z"}
{"level":"debug","message":"Photo service started","module":"photo","timestamp":"2024-04-18T03:37:32.434Z"}
{"level":"debug","message":"Twitter service started","module":"twitter","timestamp":"2024-04-18T03:37:32.435Z"}
{"level":"debug","message":"Match service started","module":"match","timestamp":"2024-04-18T03:37:32.435Z"}
{"level":"debug","message":"Beginning database schema validation","module":"boot","timestamp":"2024-04-18T03:37:33.650Z"}
{"level":"info","message":"Successfully started","timestamp":"2024-04-18T03:37:33.659Z"}
{"level":"info","message":"Executed query (SELECT COUNT(*) as count\n                       FROM information_schema.tables\n                       WHERE table_schema = ?\n                         AND table_name = ? [\"Qbox\",\"players\"]) in 106.7526ms'","module":"DBInterface","timestamp":"2024-04-18T03:37:33.758Z"}
{"level":"info","message":"Executed query (SHOW COLUMNS IN players []) in 26.175ms'","module":"DBInterface","timestamp":"2024-04-18T03:37:33.784Z"}
{"level":"debug","message":"Database schema successfully validated","module":"boot","timestamp":"2024-04-18T03:37:33.784Z"}
{"level":"info","message":"New NPWD Player added through event (1) (HOWZ6711)","module":"player","timestamp":"2024-04-18T03:39:07.937Z"}
{"level":"debug","message":{"_firstname":"Dev","_identifier":"HOWZ6711","_lastname":"Giovanni","_phoneNumber":"6265737748","source":1,"username":"Giovanni"},"module":"player","timestamp":"2024-04-18T03:39:07.937Z"}
{"level":"info","message":"New NPWD Player added through event (1) (HOWZ6711)","module":"player","timestamp":"2024-04-18T03:39:07.955Z"}
{"level":"debug","message":{"_firstname":"Dev","_identifier":"HOWZ6711","_lastname":"Giovanni","_phoneNumber":"6265737748","source":1,"username":"Giovanni"},"module":"player","timestamp":"2024-04-18T03:39:07.956Z"}
{"level":"silly","message":"netPromise > npwd:fetchTweets > RequestObj","module":"events","timestamp":"2024-04-18T03:39:08.058Z"}
{"level":"silly","message":{"data":{"pageId":0},"source":1},"module":"events","timestamp":"2024-04-18T03:39:08.058Z"}
{"level":"info","message":"Executed query (\n        SELECT *\n        FROM npwd_twitter_profiles\n        WHERE identifier = ?\n        LIMIT 1\n\t\t [\"HOWZ6711\"]) in 41.8177ms'","module":"DBInterface","timestamp":"2024-04-18T03:39:08.101Z"}
{"level":"info","message":"Executed query (\n        SELECT \n  npwd_twitter_tweets.id,\n  npwd_twitter_tweets.identifier,\n  npwd_twitter_profiles.id AS profile_id,\n  npwd_twitter_profiles.profile_name,\n  npwd_twitter_profiles.avatar_url,\n  npwd_twitter_tweets.likes,\n  npwd_twitter_tweets.visible,\n  IFNULL(COALESCE(retweets.message, npwd_twitter_tweets.message), '') AS message,\n  IFNULL(COALESCE(retweets.images, npwd_twitter_tweets.images), '') AS images,\n  npwd_twitter_tweets.retweet IS NOT NULL AS isRetweet,\n  retweets.id AS retweetId,\n  retweets_profiles.profile_name AS retweetProfileName,\n  retweets_profiles.avatar_url AS retweetAvatarUrl,\n  npwd_twitter_likes.id IS NOT NULL AS isLiked,\n  npwd_twitter_reports.id IS NOT NULL AS isReported,\n  npwd_twitter_tweets.createdAt,\n  npwd_twitter_tweets.updatedAt,\n  TIME_TO_SEC(TIMEDIFF( NOW(), npwd_twitter_tweets.createdAt)) AS seconds_since_tweet\n\n        FROM npwd_twitter_tweets\n                 LEFT OUTER JOIN npwd_twitter_profiles\n                                 ON npwd_twitter_tweets.identifier = npwd_twitter_profiles.identifier\n                 LEFT OUTER JOIN npwd_twitter_likes ON npwd_twitter_tweets.id = npwd_twitter_likes.tweet_id AND\n                                                       npwd_twitter_likes.profile_id = ?\n                 LEFT OUTER JOIN npwd_twitter_reports ON npwd_twitter_tweets.id = npwd_twitter_reports.tweet_id AND\n                                                         npwd_twitter_reports.profile_id = ?\n                 LEFT OUTER JOIN npwd_twitter_tweets AS retweets ON retweets.id = npwd_twitter_tweets.retweet\n                 LEFT OUTER JOIN npwd_twitter_profiles AS retweets_profiles\n                                 ON retweets.identifier = retweets_profiles.identifier\n        WHERE npwd_twitter_tweets.visible = 1\n        ORDER BY id DESC\n        LIMIT ? OFFSET ?\n\t\t [1,1,\"25\",\"0\"]) in 82.7904ms'","module":"DBInterface","timestamp":"2024-04-18T03:39:08.184Z"}
{"level":"silly","message":"Response Promise Event npwd:fetchTweets:b964426e-b4c5-4357-841c-f9ac3c950478 (126.8366ms), Data >>","module":"events","timestamp":"2024-04-18T03:39:08.185Z"}
{"level":"silly","message":{"data":[],"status":"ok"},"module":"events","timestamp":"2024-04-18T03:39:08.185Z"}
{"level":"silly","message":"netPromise > npwd:getOrCreateTwitterProfile > RequestObj","module":"events","timestamp":"2024-04-18T03:39:08.380Z"}
{"level":"silly","message":{"data":null,"source":1},"module":"events","timestamp":"2024-04-18T03:39:08.382Z"}
{"level":"silly","message":"netPromise > phone:getMyProfile > RequestObj","module":"events","timestamp":"2024-04-18T03:39:08.383Z"}
{"level":"silly","message":{"data":null,"source":1},"module":"events","timestamp":"2024-04-18T03:39:08.383Z"}
{"level":"silly","message":"netPromise > npwd:fetchMessageGroups > RequestObj","module":"events","timestamp":"2024-04-18T03:39:08.386Z"}
{"level":"silly","message":{"data":null,"source":1},"module":"events","timestamp":"2024-04-18T03:39:08.388Z"}
{"level":"silly","message":"netPromise > npwd-contact-getAll > RequestObj","module":"events","timestamp":"2024-04-18T03:39:08.427Z"}
{"level":"silly","message":{"data":null,"source":1},"module":"events","timestamp":"2024-04-18T03:39:08.428Z"}
{"level":"info","message":"Executed query (\n        SELECT *\n        FROM npwd_twitter_profiles\n        WHERE identifier = ?\n        LIMIT 1\n\t\t [\"HOWZ6711\"]) in 82.4557ms'","module":"DBInterface","timestamp":"2024-04-18T03:39:08.465Z"}
{"level":"silly","message":"Response Promise Event npwd:getOrCreateTwitterProfile:50c82a5e-2fe0-48c6-949c-b121cfb3dc13 (87.5692ms), Data >>","module":"events","timestamp":"2024-04-18T03:39:08.465Z"}
{"level":"silly","message":{"data":{"avatar_url":"https://i.fivemanage.com/images/3ClWwmpwkFhL.png","createdAt":"2024-04-17T21:30:32.000Z","id":1,"identifier":"HOWZ6711","profile_name":"Dev_Giovanni","updatedAt":"2024-04-17T21:30:32.000Z"},"status":"ok"},"module":"events","timestamp":"2024-04-18T03:39:08.465Z"}
{"level":"info","message":"Executed query (\n        SELECT *,\n               UNIX_TIMESTAMP(updatedAt) AS lastActive\n        FROM npwd_match_profiles\n        WHERE identifier = ?\n        LIMIT 1\n\t\t [\"HOWZ6711\"]) in 87.7505ms'","module":"DBInterface","timestamp":"2024-04-18T03:39:08.472Z"}
{"level":"silly","message":"Response Promise Event phone:getMyProfile:62d961a3-31f8-4071-a913-d90c4a639b9f (90.0516ms), Data >>","module":"events","timestamp":"2024-04-18T03:39:08.473Z"}
{"level":"silly","message":{"data":{"bio":"","createdAt":"2024-04-17T21:30:32.000Z","id":1,"identifier":"HOWZ6711","image":"https://upload.wikimedia.org/wikipedia/commons/a/ac/No_image_available.svg","job":"","lastActive":1713389432,"lastActiveFormatted":"Wed, 17 Apr 2024 21:30:32 GMT","location":"","name":"Dev Giovanni","tagList":[],"tags":"","updatedAt":"2024-04-17T21:30:32.000Z","viewed":false,"voiceMessage":null},"status":"ok"},"module":"events","timestamp":"2024-04-18T03:39:08.473Z"}
{"level":"info","message":"Executed query (SELECT * FROM npwd_phone_contacts WHERE identifier = ? ORDER BY display ASC [\"HOWZ6711\"]) in 66.3747ms'","module":"DBInterface","timestamp":"2024-04-18T03:39:08.494Z"}
{"level":"silly","message":"Response Promise Event npwd-contact-getAll:95979a75-0cbe-45f9-a483-7b51eae9fb22 (66.9807ms), Data >>","module":"events","timestamp":"2024-04-18T03:39:08.494Z"}
{"level":"silly","message":{"data":[],"status":"ok"},"module":"events","timestamp":"2024-04-18T03:39:08.495Z"}
{"level":"info","message":"Executed query (SELECT npwd_messages_conversations.id,\n                          npwd_messages_conversations.conversation_list         as conversationList,\n                          npwd_messages_participants.unread_count               as unreadCount,\n                          npwd_messages_conversations.is_group_chat             as isGroupChat,\n                          npwd_messages_conversations.label,\n                          UNIX_TIMESTAMP(npwd_messages_conversations.updatedAt) as updatedAt,\n                          npwd_messages_participants.participant\n                   FROM npwd_messages_conversations\n                            INNER JOIN npwd_messages_participants\n                                       on npwd_messages_conversations.id = npwd_messages_participants.conversation_id\n                   WHERE npwd_messages_participants.participant = ? [\"6265737748\"]) in 76.0214ms'","module":"DBInterface","timestamp":"2024-04-18T03:39:08.497Z"}
{"level":"silly","message":"Response Promise Event npwd:fetchMessageGroups:095287cd-dc59-4774-a754-01390fa40626 (111.2899ms), Data >>","module":"events","timestamp":"2024-04-18T03:39:08.497Z"}
{"level":"silly","message":{"data":[],"status":"ok"},"module":"events","timestamp":"2024-04-18T03:39:08.497Z"}
{"level":"info","message":"Executed query (SELECT id FROM npwd_marketplace_listings WHERE identifier = ? [\"HOWZ6711\"]) in 18.981ms'","module":"DBInterface","timestamp":"2024-04-18T04:35:40.388Z"}
{"level":"info","message":"Executed query (DELETE FROM npwd_marketplace_listings WHERE identifier = ? AND reported = 0 [\"HOWZ6711\"]) in 3.2417ms'","module":"DBInterface","timestamp":"2024-04-18T04:35:40.393Z"}
{"level":"info","message":"Unloaded NPWD Player, source: (1)","module":"player","timestamp":"2024-04-18T04:35:40.394Z"}
{"level":"debug","message":"Marketplace service started","module":"marketplace","timestamp":"2024-04-18T04:36:02.103Z"}
{"level":"debug","message":"Call service started","module":"calls","timestamp":"2024-04-18T04:36:02.106Z"}
{"level":"debug","message":"Player Service started","module":"player","timestamp":"2024-04-18T04:36:02.106Z"}
{"level":"info","message":"Loading QBX bridge....","timestamp":"2024-04-18T04:36:02.106Z"}
{"level":"info","message":"QBX bridge initialized","timestamp":"2024-04-18T04:36:02.106Z"}
{"level":"debug","message":"Boot service started","module":"boot","timestamp":"2024-04-18T04:36:02.107Z"}
{"level":"debug","message":"Messages service started","module":"messages","timestamp":"2024-04-18T04:36:02.107Z"}
{"level":"debug","message":"Notes service started","module":"notes","timestamp":"2024-04-18T04:36:02.108Z"}
{"level":"debug","message":"Contacts service started","module":"contact","timestamp":"2024-04-18T04:36:02.108Z"}
{"level":"debug","message":"Photo service started","module":"photo","timestamp":"2024-04-18T04:36:02.117Z"}
{"level":"debug","message":"Twitter service started","module":"twitter","timestamp":"2024-04-18T04:36:02.118Z"}
{"level":"debug","message":"Match service started","module":"match","timestamp":"2024-04-18T04:36:02.119Z"}
{"level":"debug","message":"Beginning database schema validation","module":"boot","timestamp":"2024-04-18T04:36:03.109Z"}
{"level":"info","message":"Successfully started","timestamp":"2024-04-18T04:36:03.117Z"}
{"level":"info","message":"Executed query (SELECT COUNT(*) as count\n                       FROM information_schema.tables\n                       WHERE table_schema = ?\n                         AND table_name = ? [\"Qbox\",\"players\"]) in 107.5701ms'","module":"DBInterface","timestamp":"2024-04-18T04:36:03.217Z"}
{"level":"info","message":"Executed query (SHOW COLUMNS IN players []) in 48.4335ms'","module":"DBInterface","timestamp":"2024-04-18T04:36:03.266Z"}
{"level":"debug","message":"Database schema successfully validated","module":"boot","timestamp":"2024-04-18T04:36:03.266Z"}
{"level":"info","message":"New NPWD Player added through event (1) (HOWZ6711)","module":"player","timestamp":"2024-04-18T04:42:44.763Z"}
{"level":"debug","message":{"_firstname":"Dev","_identifier":"HOWZ6711","_lastname":"Giovanni","_phoneNumber":"6265737748","source":1,"username":"Giovanni"},"module":"player","timestamp":"2024-04-18T04:42:44.764Z"}
{"level":"info","message":"New NPWD Player added through event (1) (HOWZ6711)","module":"player","timestamp":"2024-04-18T04:42:44.770Z"}
{"level":"debug","message":{"_firstname":"Dev","_identifier":"HOWZ6711","_lastname":"Giovanni","_phoneNumber":"6265737748","source":1,"username":"Giovanni"},"module":"player","timestamp":"2024-04-18T04:42:44.770Z"}
{"level":"silly","message":"netPromise > npwd:fetchTweets > RequestObj","module":"events","timestamp":"2024-04-18T04:42:44.830Z"}
{"level":"silly","message":{"data":{"pageId":0},"source":1},"module":"events","timestamp":"2024-04-18T04:42:44.830Z"}
{"level":"info","message":"Executed query (\n        SELECT *\n        FROM npwd_twitter_profiles\n        WHERE identifier = ?\n        LIMIT 1\n\t\t [\"HOWZ6711\"]) in 16.4676ms'","module":"DBInterface","timestamp":"2024-04-18T04:42:44.847Z"}
{"level":"info","message":"Executed query (\n        SELECT \n  npwd_twitter_tweets.id,\n  npwd_twitter_tweets.identifier,\n  npwd_twitter_profiles.id AS profile_id,\n  npwd_twitter_profiles.profile_name,\n  npwd_twitter_profiles.avatar_url,\n  npwd_twitter_tweets.likes,\n  npwd_twitter_tweets.visible,\n  IFNULL(COALESCE(retweets.message, npwd_twitter_tweets.message), '') AS message,\n  IFNULL(COALESCE(retweets.images, npwd_twitter_tweets.images), '') AS images,\n  npwd_twitter_tweets.retweet IS NOT NULL AS isRetweet,\n  retweets.id AS retweetId,\n  retweets_profiles.profile_name AS retweetProfileName,\n  retweets_profiles.avatar_url AS retweetAvatarUrl,\n  npwd_twitter_likes.id IS NOT NULL AS isLiked,\n  npwd_twitter_reports.id IS NOT NULL AS isReported,\n  npwd_twitter_tweets.createdAt,\n  npwd_twitter_tweets.updatedAt,\n  TIME_TO_SEC(TIMEDIFF( NOW(), npwd_twitter_tweets.createdAt)) AS seconds_since_tweet\n\n        FROM npwd_twitter_tweets\n                 LEFT OUTER JOIN npwd_twitter_profiles\n                                 ON npwd_twitter_tweets.identifier = npwd_twitter_profiles.identifier\n                 LEFT OUTER JOIN npwd_twitter_likes ON npwd_twitter_tweets.id = npwd_twitter_likes.tweet_id AND\n                                                       npwd_twitter_likes.profile_id = ?\n                 LEFT OUTER JOIN npwd_twitter_reports ON npwd_twitter_tweets.id = npwd_twitter_reports.tweet_id AND\n                                                         npwd_twitter_reports.profile_id = ?\n                 LEFT OUTER JOIN npwd_twitter_tweets AS retweets ON retweets.id = npwd_twitter_tweets.retweet\n                 LEFT OUTER JOIN npwd_twitter_profiles AS retweets_profiles\n                                 ON retweets.identifier = retweets_profiles.identifier\n        WHERE npwd_twitter_tweets.visible = 1\n        ORDER BY id DESC\n        LIMIT ? OFFSET ?\n\t\t [1,1,\"25\",\"0\"]) in 36.5345ms'","module":"DBInterface","timestamp":"2024-04-18T04:42:44.884Z"}
{"level":"silly","message":"Response Promise Event npwd:fetchTweets:869311ad-2cc1-4d3a-95c0-6bdb5e8d6a32 (54.3505ms), Data >>","module":"events","timestamp":"2024-04-18T04:42:44.884Z"}
{"level":"silly","message":{"data":[],"status":"ok"},"module":"events","timestamp":"2024-04-18T04:42:44.885Z"}
{"level":"silly","message":"netPromise > npwd:getOrCreateTwitterProfile > RequestObj","module":"events","timestamp":"2024-04-18T04:42:44.935Z"}
{"level":"silly","message":{"data":null,"source":1},"module":"events","timestamp":"2024-04-18T04:42:44.935Z"}
{"level":"silly","message":"netPromise > phone:getMyProfile > RequestObj","module":"events","timestamp":"2024-04-18T04:42:44.936Z"}
{"level":"silly","message":{"data":null,"source":1},"module":"events","timestamp":"2024-04-18T04:42:44.936Z"}
{"level":"info","message":"Executed query (\n        SELECT *\n        FROM npwd_twitter_profiles\n        WHERE identifier = ?\n        LIMIT 1\n\t\t [\"HOWZ6711\"]) in 7.3921ms'","module":"DBInterface","timestamp":"2024-04-18T04:42:44.943Z"}
{"level":"silly","message":"Response Promise Event npwd:getOrCreateTwitterProfile:ef832aa9-a49e-4fce-8259-b6e2ad006757 (8.1766ms), Data >>","module":"events","timestamp":"2024-04-18T04:42:44.943Z"}
{"level":"silly","message":{"data":{"avatar_url":"https://i.fivemanage.com/images/3ClWwmpwkFhL.png","createdAt":"2024-04-17T21:30:32.000Z","id":1,"identifier":"HOWZ6711","profile_name":"Dev_Giovanni","updatedAt":"2024-04-17T21:30:32.000Z"},"status":"ok"},"module":"events","timestamp":"2024-04-18T04:42:44.943Z"}
{"level":"info","message":"Executed query (\n        SELECT *,\n               UNIX_TIMESTAMP(updatedAt) AS lastActive\n        FROM npwd_match_profiles\n        WHERE identifier = ?\n        LIMIT 1\n\t\t [\"HOWZ6711\"]) in 11.4805ms'","module":"DBInterface","timestamp":"2024-04-18T04:42:44.947Z"}
{"level":"silly","message":"Response Promise Event phone:getMyProfile:bb41be19-1f6d-45e7-8334-e5b983176a02 (12.6562ms), Data >>","module":"events","timestamp":"2024-04-18T04:42:44.948Z"}
{"level":"silly","message":{"data":{"bio":"","createdAt":"2024-04-17T21:30:32.000Z","id":1,"identifier":"HOWZ6711","image":"https://upload.wikimedia.org/wikipedia/commons/a/ac/No_image_available.svg","job":"","lastActive":1713389432,"lastActiveFormatted":"Wed, 17 Apr 2024 21:30:32 GMT","location":"","name":"Dev Giovanni","tagList":[],"tags":"","updatedAt":"2024-04-17T21:30:32.000Z","viewed":false,"voiceMessage":null},"status":"ok"},"module":"events","timestamp":"2024-04-18T04:42:44.948Z"}
{"level":"silly","message":"netPromise > npwd:fetchMessageGroups > RequestObj","module":"events","timestamp":"2024-04-18T04:42:44.998Z"}
{"level":"silly","message":{"data":null,"source":1},"module":"events","timestamp":"2024-04-18T04:42:44.998Z"}
{"level":"silly","message":"netPromise > npwd-contact-getAll > RequestObj","module":"events","timestamp":"2024-04-18T04:42:44.999Z"}
{"level":"silly","message":{"data":null,"source":1},"module":"events","timestamp":"2024-04-18T04:42:44.999Z"}
{"level":"info","message":"Executed query (SELECT npwd_messages_conversations.id,\n                          npwd_messages_conversations.conversation_list         as conversationList,\n                          npwd_messages_participants.unread_count               as unreadCount,\n                          npwd_messages_conversations.is_group_chat             as isGroupChat,\n                          npwd_messages_conversations.label,\n                          UNIX_TIMESTAMP(npwd_messages_conversations.updatedAt) as updatedAt,\n                          npwd_messages_participants.participant\n                   FROM npwd_messages_conversations\n                            INNER JOIN npwd_messages_participants\n                                       on npwd_messages_conversations.id = npwd_messages_participants.conversation_id\n                   WHERE npwd_messages_participants.participant = ? [\"6265737748\"]) in 4.1365ms'","module":"DBInterface","timestamp":"2024-04-18T04:42:45.003Z"}
{"level":"silly","message":"Response Promise Event npwd:fetchMessageGroups:a0158e11-28f4-400c-bcd9-46aaf9c8627a (4.9496ms), Data >>","module":"events","timestamp":"2024-04-18T04:42:45.003Z"}
{"level":"silly","message":{"data":[],"status":"ok"},"module":"events","timestamp":"2024-04-18T04:42:45.003Z"}
{"level":"info","message":"Executed query (SELECT * FROM npwd_phone_contacts WHERE identifier = ? ORDER BY display ASC [\"HOWZ6711\"]) in 7.5556ms'","module":"DBInterface","timestamp":"2024-04-18T04:42:45.007Z"}
{"level":"silly","message":"Response Promise Event npwd-contact-getAll:e690ebb7-aa9f-4c07-baa3-8d6efb08b614 (8.252ms), Data >>","module":"events","timestamp":"2024-04-18T04:42:45.007Z"}
{"level":"silly","message":{"data":[],"status":"ok"},"module":"events","timestamp":"2024-04-18T04:42:45.007Z"}
{"level":"info","message":"Executed query (SELECT id FROM npwd_marketplace_listings WHERE identifier = ? [\"HOWZ6711\"]) in 5.3175ms'","module":"DBInterface","timestamp":"2024-04-18T05:20:12.008Z"}
{"level":"info","message":"Executed query (DELETE FROM npwd_marketplace_listings WHERE identifier = ? AND reported = 0 [\"HOWZ6711\"]) in 0.9705ms'","module":"DBInterface","timestamp":"2024-04-18T05:20:12.009Z"}
{"level":"info","message":"Unloaded NPWD Player, source: (1)","module":"player","timestamp":"2024-04-18T05:20:12.009Z"}
